
node:internal/modules/run_main:123
    triggerUncaughtException(
    ^
Error [ERR_MODULE_NOT_FOUND]: Cannot find module 'D:\mohmad\programing\PRoudact\car1-fintech\apps\api\src\routes\optimize.js' imported from D:\mohmad\programing\PRoudact\car1-fintech\apps\api\src\server.ts
    at finalizeResolution (node:internal/modules/esm/resolve:283:11)
    at moduleResolve (node:internal/modules/esm/resolve:952:10)
    at defaultResolve (node:internal/modules/esm/resolve:1188:11)
    at nextResolve (node:internal/modules/esm/hooks:864:28)
    at resolveBase (file:///D:/mohmad/programing/PRoudact/car1-fintech/node_modules/tsx/dist/register-CqMfTiWi.mjs:2:8141)
    at async resolveDirectory (file:///D:/mohmad/programing/PRoudact/car1-fintech/node_modules/tsx/dist/register-CqMfTiWi.mjs:2:9221)
    at async resolve2 (file:///D:/mohmad/programing/PRoudact/car1-fintech/node_modules/tsx/dist/register-CqMfTiWi.mjs:2:11932)
    at async nextResolve (node:internal/modules/esm/hooks:864:22)
    at async Hooks.resolve (node:internal/modules/esm/hooks:306:24)
    at async handleMessage (node:internal/modules/esm/worker:196:18) {
  code: 'ERR_MODULE_NOT_FOUND',
  url: 'file:///D:/mohmad/programing/PRoudact/car1-fintech/apps/api/src/routes/optimize.js'
}

Node.js v20.20.2

node:internal/modules/run_main:123
    triggerUncaughtException(
    ^
Error [ERR_MODULE_NOT_FOUND]: Cannot find module 'D:\mohmad\programing\PRoudact\car1-fintech\apps\api\src\routes\optimize.js' imported from D:\mohmad\programing\PRoudact\car1-fintech\apps\api\src\server.ts
    at finalizeResolution (node:internal/modules/esm/resolve:283:11)
    at moduleResolve (node:internal/modules/esm/resolve:952:10)
    at defaultResolve (node:internal/modules/esm/resolve:1188:11)
    at nextResolve (node:internal/modules/esm/hooks:864:28)
    at resolveBase (file:///D:/mohmad/programing/PRoudact/car1-fintech/node_modules/tsx/dist/register-CqMfTiWi.mjs:2:8141)
    at async resolveDirectory (file:///D:/mohmad/programing/PRoudact/car1-fintech/node_modules/tsx/dist/register-CqMfTiWi.mjs:2:9221)
    at async resolve2 (file:///D:/mohmad/programing/PRoudact/car1-fintech/node_modules/tsx/dist/register-CqMfTiWi.mjs:2:11932)
    at async nextResolve (node:internal/modules/esm/hooks:864:22)
    at async Hooks.resolve (node:internal/modules/esm/hooks:306:24)
    at async handleMessage (node:internal/modules/esm/worker:196:18) {
  code: 'ERR_MODULE_NOT_FOUND',
  url: 'file:///D:/mohmad/programing/PRoudact/car1-fintech/apps/api/src/routes/optimize.js'
}

Node.js v20.20.2

node:internal/modules/run_main:123
    triggerUncaughtException(
    ^
Error [ERR_MODULE_NOT_FOUND]: Cannot find module 'D:\mohmad\programing\PRoudact\car1-fintech\apps\api\src\routes\optimize.js' imported from D:\mohmad\programing\PRoudact\car1-fintech\apps\api\src\server.ts
    at finalizeResolution (node:internal/modules/esm/resolve:283:11)
    at moduleResolve (node:internal/modules/esm/resolve:952:10)
    at defaultResolve (node:internal/modules/esm/resolve:1188:11)
    at nextResolve (node:internal/modules/esm/hooks:864:28)
    at resolveBase (file:///D:/mohmad/programing/PRoudact/car1-fintech/node_modules/tsx/dist/register-CqMfTiWi.mjs:2:8141)
    at async resolveDirectory (file:///D:/mohmad/programing/PRoudact/car1-fintech/node_modules/tsx/dist/register-CqMfTiWi.mjs:2:9221)
    at async resolve2 (file:///D:/mohmad/programing/PRoudact/car1-fintech/node_modules/tsx/dist/register-CqMfTiWi.mjs:2:11932)
    at async nextResolve (node:internal/modules/esm/hooks:864:22)
    at async Hooks.resolve (node:internal/modules/esm/hooks:306:24)
    at async handleMessage (node:internal/modules/esm/worker:196:18) {
  code: 'ERR_MODULE_NOT_FOUND',
  url: 'file:///D:/mohmad/programing/PRoudact/car1-fintech/apps/api/src/routes/optimize.js'
}

Node.js v20.20.2
D:\mohmad\programing\PRoudact\car1-fintech\apps\api\src\auth\token.service.ts:6
  if (!secret) throw new Error(`${name} environment variable is required`);
                     ^


Error: REFRESH_TOKEN_SECRET environment variable is required
    at getSecret (D:\mohmad\programing\PRoudact\car1-fintech\apps\api\src\auth\token.service.ts:6:22)
    at <anonymous> (D:\mohmad\programing\PRoudact\car1-fintech\apps\api\src\auth\token.service.ts:11:32)
    at ModuleJob.run (node:internal/modules/esm/module_job:325:25)
    at async ModuleLoader.import (node:internal/modules/esm/loader:606:24)
    at async asyncRunEntryPointWithESMLoader (node:internal/modules/run_main:117:5)

Node.js v20.20.2
D:\mohmad\programing\PRoudact\car1-fintech\apps\api\src\auth\token.service.ts:6
  if (!secret) throw new Error(`${name} environment variable is required`);
                     ^


Error: REFRESH_TOKEN_SECRET environment variable is required
    at getSecret (D:\mohmad\programing\PRoudact\car1-fintech\apps\api\src\auth\token.service.ts:6:22)
    at <anonymous> (D:\mohmad\programing\PRoudact\car1-fintech\apps\api\src\auth\token.service.ts:11:32)
    at ModuleJob.run (node:internal/modules/esm/module_job:325:25)
    at async ModuleLoader.import (node:internal/modules/esm/loader:606:24)
    at async asyncRunEntryPointWithESMLoader (node:internal/modules/run_main:117:5)

Node.js v20.20.2
D:\mohmad\programing\PRoudact\car1-fintech\apps\api\src\auth\token.service.ts:6
  if (!secret) throw new Error(`${name} environment variable is required`);
                     ^


Error: REFRESH_TOKEN_SECRET environment variable is required
    at getSecret (D:\mohmad\programing\PRoudact\car1-fintech\apps\api\src\auth\token.service.ts:6:22)
    at <anonymous> (D:\mohmad\programing\PRoudact\car1-fintech\apps\api\src\auth\token.service.ts:11:32)
    at ModuleJob.run (node:internal/modules/esm/module_job:325:25)
    at async ModuleLoader.import (node:internal/modules/esm/loader:606:24)
    at async asyncRunEntryPointWithESMLoader (node:internal/modules/run_main:117:5)

Node.js v20.20.2
D:\mohmad\programing\PRoudact\car1-fintech\apps\api\src\auth\token.service.ts:6
  if (!secret) throw new Error(`${name} environment variable is required`);
                     ^


Error: REFRESH_TOKEN_SECRET environment variable is required
    at getSecret (D:\mohmad\programing\PRoudact\car1-fintech\apps\api\src\auth\token.service.ts:6:22)
    at <anonymous> (D:\mohmad\programing\PRoudact\car1-fintech\apps\api\src\auth\token.service.ts:11:32)
    at ModuleJob.run (node:internal/modules/esm/module_job:325:25)
    at async ModuleLoader.import (node:internal/modules/esm/loader:606:24)
    at async asyncRunEntryPointWithESMLoader (node:internal/modules/run_main:117:5)

Node.js v20.20.2
D:\mohmad\programing\PRoudact\car1-fintech\apps\api\src\auth\token.service.ts:6
  if (!secret) throw new Error(`${name} environment variable is required`);
                     ^


Error: REFRESH_TOKEN_SECRET environment variable is required
    at getSecret (D:\mohmad\programing\PRoudact\car1-fintech\apps\api\src\auth\token.service.ts:6:22)
    at <anonymous> (D:\mohmad\programing\PRoudact\car1-fintech\apps\api\src\auth\token.service.ts:11:32)
    at ModuleJob.run (node:internal/modules/esm/module_job:325:25)
    at async ModuleLoader.import (node:internal/modules/esm/loader:606:24)
    at async asyncRunEntryPointWithESMLoader (node:internal/modules/run_main:117:5)

Node.js v20.20.2
D:\mohmad\programing\PRoudact\car1-fintech\apps\api\src\auth\token.service.ts:6
  if (!secret) throw new Error(`${name} environment variable is required`);
                     ^


Error: REFRESH_TOKEN_SECRET environment variable is required
    at getSecret (D:\mohmad\programing\PRoudact\car1-fintech\apps\api\src\auth\token.service.ts:6:22)
    at <anonymous> (D:\mohmad\programing\PRoudact\car1-fintech\apps\api\src\auth\token.service.ts:11:32)
    at ModuleJob.run (node:internal/modules/esm/module_job:325:25)
    at async ModuleLoader.import (node:internal/modules/esm/loader:606:24)
    at async asyncRunEntryPointWithESMLoader (node:internal/modules/run_main:117:5)

Node.js v20.20.2
D:\mohmad\programing\PRoudact\car1-fintech\apps\api\src\admin\applications\routes.ts:7
    getApplicationByIdController,
    ^

SyntaxError: The requested module './controller.js' does not provide an export named 'getApplicationByIdController'
    at ModuleJob._instantiate (node:internal/modules/esm/module_job:213:21)
    at async ModuleJob.run (node:internal/modules/esm/module_job:320:5)
    at async ModuleLoader.import (node:internal/modules/esm/loader:606:24)
    at async asyncRunEntryPointWithESMLoader (node:internal/modules/run_main:117:5)

Node.js v20.20.2
D:\mohmad\programing\PRoudact\car1-fintech\apps\api\src\auth\token.service.ts:6
  if (!secret) throw new Error(`${name} environment variable is required`);
                     ^


Error: REFRESH_TOKEN_SECRET environment variable is required
    at getSecret (D:\mohmad\programing\PRoudact\car1-fintech\apps\api\src\auth\token.service.ts:6:22)
    at <anonymous> (D:\mohmad\programing\PRoudact\car1-fintech\apps\api\src\auth\token.service.ts:11:32)
    at ModuleJob.run (node:internal/modules/esm/module_job:325:25)
    at async ModuleLoader.import (node:internal/modules/esm/loader:606:24)
    at async asyncRunEntryPointWithESMLoader (node:internal/modules/run_main:117:5)

Node.js v20.20.2
D:\mohmad\programing\PRoudact\car1-fintech\apps\api\src\auth\token.service.ts:6
  if (!secret) throw new Error(`${name} environment variable is required`);
                     ^


Error: REFRESH_TOKEN_SECRET environment variable is required
    at getSecret (D:\mohmad\programing\PRoudact\car1-fintech\apps\api\src\auth\token.service.ts:6:22)
    at <anonymous> (D:\mohmad\programing\PRoudact\car1-fintech\apps\api\src\auth\token.service.ts:11:32)
    at ModuleJob.run (node:internal/modules/esm/module_job:325:25)
    at async ModuleLoader.import (node:internal/modules/esm/loader:606:24)
    at async asyncRunEntryPointWithESMLoader (node:internal/modules/run_main:117:5)

Node.js v20.20.2
D:\mohmad\programing\PRoudact\car1-fintech\apps\api\src\auth\token.service.ts:6
  if (!secret) throw new Error(`${name} environment variable is required`);
                     ^


Error: REFRESH_TOKEN_SECRET environment variable is required
    at getSecret (D:\mohmad\programing\PRoudact\car1-fintech\apps\api\src\auth\token.service.ts:6:22)
    at <anonymous> (D:\mohmad\programing\PRoudact\car1-fintech\apps\api\src\auth\token.service.ts:11:32)
    at ModuleJob.run (node:internal/modules/esm/module_job:325:25)
    at async ModuleLoader.import (node:internal/modules/esm/loader:606:24)
    at async asyncRunEntryPointWithESMLoader (node:internal/modules/run_main:117:5)

Node.js v20.20.2
D:\mohmad\programing\PRoudact\car1-fintech\apps\api\src\auth\token.service.ts:6
  if (!secret) throw new Error(`${name} environment variable is required`);
                     ^


Error: REFRESH_TOKEN_SECRET environment variable is required
    at getSecret (D:\mohmad\programing\PRoudact\car1-fintech\apps\api\src\auth\token.service.ts:6:22)
    at <anonymous> (D:\mohmad\programing\PRoudact\car1-fintech\apps\api\src\auth\token.service.ts:11:32)
    at ModuleJob.run (node:internal/modules/esm/module_job:325:25)
    at async ModuleLoader.import (node:internal/modules/esm/loader:606:24)
    at async asyncRunEntryPointWithESMLoader (node:internal/modules/run_main:117:5)

Node.js v20.20.2
